<?xml version="1.0" encoding="UTF-8"?>
<!-- Generated by org.testng.reporters.JUnitReportReporter -->
<testsuite hostname="Durga" failures="0" tests="2" name="TestNgParellel.Sess01" time="0.018" errors="0" timestamp="2025-04-19T10:00:34 IST" skipped="0">
  <testcase classname="TestNgParellel.Sess01" name="addtocart" time="0.014"/>
  <testcase classname="TestNgParellel.Sess01" name="login" time="0.004"/>
</testsuite> <!-- TestNgParellel.Sess01 -->
