<?xml version="1.0" encoding="UTF-8"?>
<!-- Generated by org.testng.reporters.JUnitReportReporter -->
<testsuite hostname="Durga" failures="0" tests="2" name="TestNgnew.Sess01" time="15.120" errors="0" timestamp="2025-04-19T10:31:06 IST" skipped="0">
  <testcase classname="TestNgnew.Sess01" name="f2" time="7.777"/>
  <testcase classname="TestNgnew.Sess01" name="f1" time="7.343"/>
</testsuite> <!-- TestNgnew.Sess01 -->
