<?xml version="1.0" encoding="UTF-8"?>
<!-- Generated by org.testng.reporters.JUnitReportReporter -->
<testsuite hostname="Durga" failures="0" tests="3" name="TestngDepends.groupsbysanity" time="0.004" errors="0" timestamp="2025-04-18T10:44:48 IST" skipped="0">
  <testcase classname="TestngDepends.groupsbysanity" name="loginbyotp" time="0.001"/>
  <testcase classname="TestngDepends.groupsbysanity" name="loginbyemail" time="0.002"/>
  <testcase classname="TestngDepends.groupsbysanity" name="loginbygmail" time="0.001"/>
</testsuite> <!-- TestngDepends.groupsbysanity -->
