<?xml version="1.0" encoding="UTF-8"?>
<!-- Generated by org.testng.reporters.JUnitReportReporter -->
<testsuite hostname="Durga" failures="0" tests="3" name="TestngDepends.Sess03" time="0.012" errors="0" timestamp="2025-04-18T10:35:54 IST" skipped="0">
  <testcase classname="TestngDepends.Sess03" name="paymentdd" time="0.003"/>
  <testcase classname="TestngDepends.Sess03" name="paymentapp" time="0.008"/>
  <testcase classname="TestngDepends.Sess03" name="paymentcd" time="0.001"/>
</testsuite> <!-- TestngDepends.Sess03 -->
