<?xml version="1.0" encoding="UTF-8"?>
<!-- Generated by org.testng.reporters.JUnitReportReporter -->
<testsuite hostname="Durga" failures="0" tests="2" name="TestNg.Sess04" time="0.011" errors="0" timestamp="2025-04-18T09:57:13 IST" skipped="0">
  <testcase classname="TestNg.Sess04" name="Signup" time="0.010"/>
  <testcase classname="TestNg.Sess04" name="Login" time="0.001"/>
</testsuite> <!-- TestNg.Sess04 -->
