<?xml version="1.0" encoding="UTF-8"?>
<!-- Generated by org.testng.reporters.JUnitReportReporter -->
<testsuite hostname="Durga" failures="0" tests="1" name="TestNg.Sess02" time="0.006" errors="0" timestamp="2025-04-17T09:28:11 IST" skipped="0">
  <testcase classname="TestNg.Sess02" name="login" time="0.006"/>
</testsuite> <!-- TestNg.Sess02 -->
