<?xml version="1.0" encoding="UTF-8"?>
<!-- Generated by org.testng.reporters.JUnitReportReporter -->
<testsuite hostname="Durga" failures="0" tests="4" name="TestNg.Priority" time="0.010" errors="0" timestamp="2025-04-17T10:05:07 IST" skipped="0">
  <testcase classname="TestNg.Priority" name="signup" time="0.006"/>
  <testcase classname="TestNg.Priority" name="login" time="0.001"/>
  <testcase classname="TestNg.Priority" name="payment" time="0.002"/>
  <testcase classname="TestNg.Priority" name="addtocart" time="0.001"/>
</testsuite> <!-- TestNg.Priority -->
