<?xml version="1.0" encoding="UTF-8"?>
<!-- Generated by org.testng.reporters.JUnitReportReporter -->
<testsuite hostname="Durga" failures="0" tests="2" name="TestNgDiff.BCAC" time="7.434" errors="0" timestamp="2025-04-19T10:55:54 IST" skipped="0">
  <testcase classname="TestNgDiff.BCAC" name="f" time="3.199"/>
  <testcase classname="TestNgDiff.BCAC" name="f1" time="4.235"/>
</testsuite> <!-- TestNgDiff.BCAC -->
