<?xml version="1.0" encoding="UTF-8"?>
<!-- Generated by org.testng.reporters.JUnitReportReporter -->
<testsuite hostname="Durga" failures="0" tests="1" name="TestNg.Sess01" time="0.007" errors="0" timestamp="2025-04-17T09:14:30 IST" skipped="0">
  <testcase classname="TestNg.Sess01" name="signUP" time="0.007"/>
</testsuite> <!-- TestNg.Sess01 -->
