<?xml version="1.0" encoding="UTF-8"?>
<!-- Generated by org.testng.reporters.JUnitReportReporter -->
<testsuite hostname="Durga" failures="0" tests="2" name="TestNgdataprovider.dataprovider" time="16.076" errors="0" timestamp="2025-04-19T10:21:08 IST" skipped="0">
  <testcase classname="TestNgdataprovider.dataprovider" name="f" time="8.738"/>
  <testcase classname="TestNgdataprovider.dataprovider" name="f" time="7.338"/>
</testsuite> <!-- TestNgdataprovider.dataprovider -->
