<?xml version="1.0" encoding="UTF-8"?>
<!-- Generated by org.testng.reporters.JUnitReportReporter -->
<testsuite hostname="Durga" failures="0" tests="3" name="TestngDepends.groupsbyboth" time="0.011" errors="0" timestamp="2025-04-18T10:44:48 IST" skipped="0">
  <testcase classname="TestngDepends.groupsbyboth" name="paymentdd" time="0.002"/>
  <testcase classname="TestngDepends.groupsbyboth" name="paymentapp" time="0.007"/>
  <testcase classname="TestngDepends.groupsbyboth" name="paymentcd" time="0.002"/>
</testsuite> <!-- TestngDepends.groupsbyboth -->
