<?xml version="1.0" encoding="UTF-8"?>
<!-- Generated by org.testng.reporters.JUnitReportReporter -->
<testsuite hostname="Durga" failures="0" tests="3" name="TestngDepends.groupsbysanityandsmoke" time="0.012" errors="0" timestamp="2025-04-18T10:32:58 IST" skipped="0">
  <testcase classname="TestngDepends.groupsbysanityandsmoke" name="paymentdd" time="0.002"/>
  <testcase classname="TestngDepends.groupsbysanityandsmoke" name="paymentapp" time="0.008"/>
  <testcase classname="TestngDepends.groupsbysanityandsmoke" name="paymentcd" time="0.002"/>
</testsuite> <!-- TestngDepends.groupsbysanityandsmoke -->
