<?xml version="1.0" encoding="UTF-8"?>
<!-- Generated by org.testng.reporters.JUnitReportReporter -->
<testsuite hostname="Durga" failures="0" tests="3" name="TestngDepends.groupsbysmoke" time="0.004" errors="0" timestamp="2025-04-18T10:44:48 IST" skipped="0">
  <testcase classname="TestngDepends.groupsbysmoke" name="signupbyemail" time="0.001"/>
  <testcase classname="TestngDepends.groupsbysmoke" name="signupbygmail" time="0.002"/>
  <testcase classname="TestngDepends.groupsbysmoke" name="signupbyotp" time="0.001"/>
</testsuite> <!-- TestngDepends.groupsbysmoke -->
