<?xml version="1.0" encoding="UTF-8"?>
<!-- Generated by org.testng.reporters.JUnitReportReporter -->
<testsuite hostname="Durga" failures="0" tests="1" name="Datadriven.Hybrid" time="3.315" errors="0" timestamp="2025-05-06T09:07:45 IST" skipped="0">
  <testcase classname="Datadriven.Hybrid" name="login" time="3.315"/>
</testsuite> <!-- Datadriven.Hybrid -->
