<?xml version="1.0" encoding="UTF-8"?>
<!-- Generated by org.testng.reporters.JUnitReportReporter -->
<testsuite hostname="Durga" failures="0" tests="2" name="TestNgParellel.Sess02" time="0.015" errors="0" timestamp="2025-04-19T10:00:34 IST" skipped="0">
  <testcase classname="TestNgParellel.Sess02" name="payment" time="0.001"/>
  <testcase classname="TestNgParellel.Sess02" name="order" time="0.014"/>
</testsuite> <!-- TestNgParellel.Sess02 -->
