<?xml version="1.0" encoding="UTF-8"?>
<!-- Generated by org.testng.reporters.JUnitReportReporter -->
<testsuite hostname="Durga" failures="0" tests="4" name="TestNg.Sess03" time="0.010" errors="0" timestamp="2025-04-17T10:01:01 IST" skipped="0">
  <testcase classname="TestNg.Sess03" name="signup" time="0.007"/>
  <testcase classname="TestNg.Sess03" name="payment" time="0.001"/>
  <testcase classname="TestNg.Sess03" name="addtocart" time="0.001"/>
  <testcase classname="TestNg.Sess03" name="login" time="0.001"/>
</testsuite> <!-- TestNg.Sess03 -->
