<?xml version="1.0" encoding="UTF-8"?>
<!-- Generated by org.testng.reporters.JUnitReportReporter -->
<testsuite hostname="Durga" failures="0" tests="3" name="TestngDepends.Sess01" time="0.007" errors="0" timestamp="2025-04-18T10:35:54 IST" skipped="0">
  <testcase classname="TestngDepends.Sess01" name="loginbyotp" time="0.002"/>
  <testcase classname="TestngDepends.Sess01" name="loginbyemail" time="0.002"/>
  <testcase classname="TestngDepends.Sess01" name="loginbygmail" time="0.003"/>
</testsuite> <!-- TestngDepends.Sess01 -->
